<?xml version="1.0" encoding="UTF-8"?>
<!-- Generated by org.testng.reporters.JUnitReportReporter -->
<testsuite hostname="EMACBOOK-34" name="com.box.tests.SignUp" tests="1" failures="0" timestamp="11 Feb 2016 12:13:06 GMT" time="1.836" errors="0">
  <testcase name="registration" time="1.836" classname="com.box.tests.SignUp"/>
</testsuite> <!-- com.box.tests.SignUp -->
