<?xml version="1.0" encoding="UTF-8"?>
<!-- Generated by org.testng.reporters.JUnitReportReporter -->
<testsuite hostname="EMACBOOK-34" name="com.box.tests.AddItems" tests="1" failures="0" timestamp="11 Feb 2016 12:13:06 GMT" time="68.801" errors="0">
  <testcase name="addingItems" time="68.801" classname="com.box.tests.AddItems"/>
</testsuite> <!-- com.box.tests.AddItems -->
