<?xml version="1.0" encoding="UTF-8"?>
<!-- Generated by org.testng.reporters.JUnitReportReporter -->
<testsuite hostname="EMACBOOK-34" name="com.box.tests.LoginLogout" tests="1" failures="0" timestamp="11 Feb 2016 12:13:06 GMT" time="0.000" errors="1">
  <testcase name="loginTest" time="0.000" classname="com.box.tests.LoginLogout"/>
</testsuite> <!-- com.box.tests.LoginLogout -->
