<?xml version="1.0" encoding="UTF-8"?>
<!-- Generated by org.testng.reporters.JUnitReportReporter -->
<testsuite hostname="EMACBOOK-34" name="com.box.tests.Login" tests="1" failures="0" timestamp="10 Feb 2016 19:02:07 GMT" time="51.772" errors="0">
  <testcase name="loginTest" time="51.772" classname="com.box.tests.Login"/>
</testsuite> <!-- com.box.tests.Login -->
