<?xml version="1.0" encoding="UTF-8"?>
<!-- Generated by org.testng.reporters.JUnitReportReporter -->
<testsuite hostname="EMACBOOK-34" name="com.box.model.StartExecution" tests="1" failures="0" timestamp="11 Feb 2016 15:47:15 GMT" time="0.156" errors="0">
  <testcase name="startTime" time="0.156" classname="com.box.model.StartExecution"/>
</testsuite> <!-- com.box.model.StartExecution -->
