<?xml version="1.0" encoding="UTF-8"?>
<!-- Generated by org.testng.reporters.JUnitReportReporter -->
<testsuite hostname="EMACBOOK-34" name="com.box.model.EndExecution" tests="1" failures="0" timestamp="11 Feb 2016 15:47:15 GMT" time="0.002" errors="0">
  <testcase name="endTime" time="0.002" classname="com.box.model.EndExecution"/>
</testsuite> <!-- com.box.model.EndExecution -->
